2026-03-29 15:06:01,307 | WARNING  | btts_bot.logging_setup | Log file btts_bot.log permissions are 777 instead of 600
2026-03-29 20:51:23,716 | WARNING  | btts_bot.logging_setup | Log file btts_bot.log permissions are 777 instead of 600
2026-03-29 20:51:23,774 | WARNING  | btts_bot.retry | [retry] network_fail: attempt 1/5 failed: connection refused — retrying in 1.0s
2026-03-29 20:51:23,775 | WARNING  | btts_bot.retry | [retry] network_fail: attempt 2/5 failed: connection refused — retrying in 2.0s
2026-03-29 20:51:23,776 | WARNING  | btts_bot.retry | [retry] network_fail: attempt 3/5 failed: connection refused — retrying in 4.0s
2026-03-29 20:51:23,777 | WARNING  | btts_bot.retry | [retry] network_fail: attempt 4/5 failed: connection refused — retrying in 8.0s
2026-03-29 20:51:23,779 | WARNING  | btts_bot.retry | [retry] network_fail: attempt 5/5 failed: connection refused — retrying in 16.0s
2026-03-29 20:51:23,780 | ERROR    | btts_bot.retry | [retry] network_fail: all 5 retries exhausted. Last error: connection refused. Returning None.
2026-03-29 20:51:23,787 | WARNING  | btts_bot.retry | [retry] generic_fail: attempt 1/5 failed: something went wrong — retrying in 1.0s
2026-03-29 20:51:23,788 | WARNING  | btts_bot.retry | [retry] generic_fail: attempt 2/5 failed: something went wrong — retrying in 2.0s
2026-03-29 20:51:23,789 | WARNING  | btts_bot.retry | [retry] generic_fail: attempt 3/5 failed: something went wrong — retrying in 4.0s
2026-03-29 20:51:23,790 | WARNING  | btts_bot.retry | [retry] generic_fail: attempt 4/5 failed: something went wrong — retrying in 8.0s
2026-03-29 20:51:23,790 | WARNING  | btts_bot.retry | [retry] generic_fail: attempt 5/5 failed: something went wrong — retrying in 16.0s
2026-03-29 20:51:23,791 | ERROR    | btts_bot.retry | [retry] generic_fail: all 5 retries exhausted. Last error: something went wrong. Returning None.
2026-03-29 20:51:23,800 | WARNING  | btts_bot.retry | [retry] flaky_425: attempt 1/5 failed:  — retrying in 1.0s
2026-03-29 20:51:23,804 | WARNING  | btts_bot.retry | [retry] flaky_425: attempt 2/5 failed:  — retrying in 2.0s
2026-03-29 20:51:23,806 | WARNING  | btts_bot.retry | [retry] flaky_425: attempt 3/5 failed:  — retrying in 4.0s
2026-03-29 20:51:23,808 | WARNING  | btts_bot.retry | [retry] flaky_425: attempt 4/5 failed:  — retrying in 8.0s
2026-03-29 20:51:23,810 | WARNING  | btts_bot.retry | [retry] flaky_425: attempt 5/5 failed:  — retrying in 16.0s
2026-03-29 20:51:23,811 | ERROR    | btts_bot.retry | [retry] flaky_425: all 5 retries exhausted. Last error: . Returning None.
2026-03-29 20:51:23,821 | WARNING  | btts_bot.retry | [retry] flaky_429: attempt 1/5 failed:  — retrying in 1.0s
2026-03-29 20:51:23,825 | WARNING  | btts_bot.retry | [retry] flaky_429: attempt 2/5 failed:  — retrying in 2.0s
2026-03-29 20:51:23,826 | WARNING  | btts_bot.retry | [retry] flaky_429: attempt 3/5 failed:  — retrying in 4.0s
2026-03-29 20:51:23,828 | WARNING  | btts_bot.retry | [retry] flaky_429: attempt 4/5 failed:  — retrying in 8.0s
2026-03-29 20:51:23,829 | WARNING  | btts_bot.retry | [retry] flaky_429: attempt 5/5 failed:  — retrying in 16.0s
2026-03-29 20:51:23,830 | ERROR    | btts_bot.retry | [retry] flaky_429: all 5 retries exhausted. Last error: . Returning None.
2026-03-29 20:51:23,840 | WARNING  | btts_bot.retry | [retry] flaky_500: attempt 1/5 failed:  — retrying in 1.0s
2026-03-29 20:51:23,842 | WARNING  | btts_bot.retry | [retry] flaky_500: attempt 2/5 failed:  — retrying in 2.0s
2026-03-29 20:51:23,843 | WARNING  | btts_bot.retry | [retry] flaky_500: attempt 3/5 failed:  — retrying in 4.0s
2026-03-29 20:51:23,845 | WARNING  | btts_bot.retry | [retry] flaky_500: attempt 4/5 failed:  — retrying in 8.0s
2026-03-29 20:51:23,847 | WARNING  | btts_bot.retry | [retry] flaky_500: attempt 5/5 failed:  — retrying in 16.0s
2026-03-29 20:51:23,847 | ERROR    | btts_bot.retry | [retry] flaky_500: all 5 retries exhausted. Last error: . Returning None.
2026-03-29 20:51:23,858 | WARNING  | btts_bot.retry | [retry] flaky_503: attempt 1/5 failed:  — retrying in 1.0s
2026-03-29 20:51:23,860 | WARNING  | btts_bot.retry | [retry] flaky_503: attempt 2/5 failed:  — retrying in 2.0s
2026-03-29 20:51:23,862 | WARNING  | btts_bot.retry | [retry] flaky_503: attempt 3/5 failed:  — retrying in 4.0s
2026-03-29 20:51:23,864 | WARNING  | btts_bot.retry | [retry] flaky_503: attempt 4/5 failed:  — retrying in 8.0s
2026-03-29 20:51:23,865 | WARNING  | btts_bot.retry | [retry] flaky_503: attempt 5/5 failed:  — retrying in 16.0s
2026-03-29 20:51:23,866 | ERROR    | btts_bot.retry | [retry] flaky_503: all 5 retries exhausted. Last error: . Returning None.
2026-03-29 20:51:23,875 | WARNING  | btts_bot.retry | [retry] timeout_fail: attempt 1/5 failed: timed out — retrying in 1.0s
2026-03-29 20:51:23,877 | WARNING  | btts_bot.retry | [retry] timeout_fail: attempt 2/5 failed: timed out — retrying in 2.0s
2026-03-29 20:51:23,877 | WARNING  | btts_bot.retry | [retry] timeout_fail: attempt 3/5 failed: timed out — retrying in 4.0s
2026-03-29 20:51:23,878 | WARNING  | btts_bot.retry | [retry] timeout_fail: attempt 4/5 failed: timed out — retrying in 8.0s
2026-03-29 20:51:23,880 | WARNING  | btts_bot.retry | [retry] timeout_fail: attempt 5/5 failed: timed out — retrying in 16.0s
2026-03-29 20:51:23,881 | ERROR    | btts_bot.retry | [retry] timeout_fail: all 5 retries exhausted. Last error: timed out. Returning None.
2026-03-29 20:51:23,963 | WARNING  | btts_bot.retry | [retry] always_fails: attempt 1/5 failed: fail — retrying in 1.0s
2026-03-29 20:51:23,965 | WARNING  | btts_bot.retry | [retry] always_fails: attempt 2/5 failed: fail — retrying in 2.0s
2026-03-29 20:51:23,966 | WARNING  | btts_bot.retry | [retry] always_fails: attempt 3/5 failed: fail — retrying in 4.0s
2026-03-29 20:51:23,967 | WARNING  | btts_bot.retry | [retry] always_fails: attempt 4/5 failed: fail — retrying in 8.0s
2026-03-29 20:51:23,968 | WARNING  | btts_bot.retry | [retry] always_fails: attempt 5/5 failed: fail — retrying in 16.0s
2026-03-29 20:51:23,969 | ERROR    | btts_bot.retry | [retry] always_fails: all 5 retries exhausted. Last error: fail. Returning None.
2026-03-29 20:51:23,978 | WARNING  | btts_bot.retry | [retry] always_fails: attempt 1/5 failed: fail — retrying in 1.0s
2026-03-29 20:51:23,980 | WARNING  | btts_bot.retry | [retry] always_fails: attempt 2/5 failed: fail — retrying in 2.0s
2026-03-29 20:51:23,980 | WARNING  | btts_bot.retry | [retry] always_fails: attempt 3/5 failed: fail — retrying in 4.0s
2026-03-29 20:51:23,981 | WARNING  | btts_bot.retry | [retry] always_fails: attempt 4/5 failed: fail — retrying in 8.0s
2026-03-29 20:51:23,982 | WARNING  | btts_bot.retry | [retry] always_fails: attempt 5/5 failed: fail — retrying in 16.0s
2026-03-29 20:51:23,983 | ERROR    | btts_bot.retry | [retry] always_fails: all 5 retries exhausted. Last error: fail. Returning None.
